<?xml version="1.0" encoding="UTF-8"?>
<!-- Generated by org.testng.reporters.JUnitReportReporter -->
<testsuite hostname="TRPL-PUN-0113" failures="0" tests="1" name="testCases.ClientsTest" time="89.802" errors="0" timestamp="2025-02-24T18:01:21 IST" skipped="0">
  <testcase classname="testCases.ClientsTest" name="RegistrationSViewEx" time="89.802"/>
  <system-out/>
</testsuite> <!-- testCases.ClientsTest -->
