<?xml version="1.0" encoding="UTF-8"?>
<!-- Generated by org.testng.reporters.JUnitReportReporter -->
<testsuite hostname="TRPL-PUN-0113" failures="0" tests="1" name="testCases.DistributorTest" time="60.511" errors="0" timestamp="2025-02-03T12:18:44 IST" skipped="0">
  <testcase classname="testCases.DistributorTest" name="User" time="60.511"/>
  <system-out/>
</testsuite> <!-- testCases.DistributorTest -->
