<?xml version="1.0" encoding="UTF-8"?>
<!-- Generated by org.testng.reporters.JUnitReportReporter -->
<testsuite hostname="TRPL-PUN-0113" failures="0" tests="1" name="testCases.ClientsTest" time="110.670" errors="0" timestamp="2025-02-13T14:01:42 IST" skipped="0">
  <testcase classname="testCases.ClientsTest" name="InputUploadTemChha" time="110.670"/>
  <system-out/>
</testsuite> <!-- testCases.ClientsTest -->
