<?xml version="1.0" encoding="UTF-8"?>
<!-- Generated by org.testng.reporters.JUnitReportReporter -->
<testsuite hostname="TRPL-PUN-0113" failures="0" tests="1" name="testCases.DistributorTest" time="100.516" errors="0" timestamp="2025-02-25T18:14:26 IST" skipped="0">
  <testcase classname="testCases.DistributorTest" name="UploadPaycodeInvalidMM" time="100.516"/>
  <system-out/>
</testsuite> <!-- testCases.DistributorTest -->
