<?xml version="1.0" encoding="UTF-8"?>
<!-- Generated by org.testng.reporters.JUnitReportReporter -->
<testsuite hostname="TRPL-PUN-0113" failures="0" tests="1" name="testCases.ClientsTest" time="112.265" errors="0" timestamp="2025-03-03T15:41:46 IST" skipped="0">
  <testcase classname="testCases.ClientsTest" name="ERview" time="112.265"/>
  <system-out/>
</testsuite> <!-- testCases.ClientsTest -->
