<?xml version="1.0" encoding="UTF-8"?>
<!-- Generated by org.testng.reporters.JUnitReportReporter -->
<testsuite hostname="TRPL-PUN-0113" failures="0" tests="1" name="testCases.ClientsTest" time="93.727" errors="0" timestamp="2025-02-11T16:43:06 IST" skipped="0">
  <testcase classname="testCases.ClientsTest" name="InputUploadNofile" time="93.727"/>
  <system-out/>
</testsuite> <!-- testCases.ClientsTest -->
